Analysis & Synthesis report for RhythmGame_Top
Thu Dec 18 02:50:48 2025
Quartus II 64-Bit Version 13.1.0 Build 162 10/23/2013 SJ Web Edition


---------------------
; Table of Contents ;
---------------------
  1. Legal Notice
  2. Analysis & Synthesis Summary
  3. Analysis & Synthesis Settings
  4. Parallel Compilation
  5. Analysis & Synthesis Source Files Read
  6. Analysis & Synthesis Resource Usage Summary
  7. Analysis & Synthesis Resource Utilization by Entity
  8. State Machine - |RhythmGame_Top|GameLogic:u_GameCore|r_State
  9. State Machine - |RhythmGame_Top|PushControl:u_Input|OnePushControl:u_Btn3|r_State
 10. State Machine - |RhythmGame_Top|PushControl:u_Input|OnePushControl:u_Btn2|r_State
 11. State Machine - |RhythmGame_Top|PushControl:u_Input|OnePushControl:u_Btn1|r_State
 12. State Machine - |RhythmGame_Top|PushControl:u_Input|OnePushControl:u_Btn0|r_State
 13. Registers Removed During Synthesis
 14. General Register Statistics
 15. Inverted Register Statistics
 16. Multiplexer Restructuring Statistics (Restructuring Performed)
 17. Parameter Settings for User Entity Instance: PushControl:u_Input|OnePushControl:u_Btn0
 18. Parameter Settings for User Entity Instance: PushControl:u_Input|OnePushControl:u_Btn1
 19. Parameter Settings for User Entity Instance: PushControl:u_Input|OnePushControl:u_Btn2
 20. Parameter Settings for User Entity Instance: PushControl:u_Input|OnePushControl:u_Btn3
 21. Parameter Settings for Inferred Entity Instance: UI:u_UI|lpm_divide:Mod0
 22. Parameter Settings for Inferred Entity Instance: UI:u_UI|lpm_divide:Div0
 23. Parameter Settings for Inferred Entity Instance: UI:u_UI|lpm_divide:Mod1
 24. Parameter Settings for Inferred Entity Instance: UI:u_UI|lpm_divide:Div1
 25. Parameter Settings for Inferred Entity Instance: UI:u_UI|lpm_divide:Mod2
 26. Parameter Settings for Inferred Entity Instance: UI:u_UI|lpm_divide:Div2
 27. Parameter Settings for Inferred Entity Instance: UI:u_UI|lpm_divide:Mod3
 28. Parameter Settings for Inferred Entity Instance: UI:u_UI|lpm_divide:Mod4
 29. Parameter Settings for Inferred Entity Instance: UI:u_UI|lpm_divide:Div3
 30. Parameter Settings for Inferred Entity Instance: UI:u_UI|lpm_divide:Mod5
 31. Port Connectivity Checks: "DotMatrix:u_Display"
 32. Elapsed Time Per Partition
 33. Analysis & Synthesis Messages
 34. Analysis & Synthesis Suppressed Messages



----------------
; Legal Notice ;
----------------
Copyright (C) 1991-2013 Altera Corporation
Your use of Altera Corporation's design tools, logic functions 
and other software and tools, and its AMPP partner logic 
functions, and any output files from any of the foregoing 
(including device programming or simulation files), and any 
associated documentation or information are expressly subject 
to the terms and conditions of the Altera Program License 
Subscription Agreement, Altera MegaCore Function License 
Agreement, or other applicable license agreement, including, 
without limitation, that your use is for the sole purpose of 
programming logic devices manufactured by Altera and sold by 
Altera or its authorized distributors.  Please refer to the 
applicable agreement for further details.



+------------------------------------------------------------------------------+
; Analysis & Synthesis Summary                                                 ;
+---------------------------------+--------------------------------------------+
; Analysis & Synthesis Status     ; Successful - Thu Dec 18 02:50:48 2025      ;
; Quartus II 64-Bit Version       ; 13.1.0 Build 162 10/23/2013 SJ Web Edition ;
; Revision Name                   ; RhythmGame_Top                             ;
; Top-level Entity Name           ; RhythmGame_Top                             ;
; Family                          ; Cyclone V                                  ;
; Logic utilization (in ALMs)     ; N/A                                        ;
; Total registers                 ; 385                                        ;
; Total pins                      ; 84                                         ;
; Total virtual pins              ; 0                                          ;
; Total block memory bits         ; 0                                          ;
; Total DSP Blocks                ; 0                                          ;
; Total HSSI RX PCSs              ; 0                                          ;
; Total HSSI PMA RX Deserializers ; 0                                          ;
; Total HSSI TX PCSs              ; 0                                          ;
; Total HSSI TX Channels          ; 0                                          ;
; Total PLLs                      ; 0                                          ;
; Total DLLs                      ; 0                                          ;
+---------------------------------+--------------------------------------------+


+---------------------------------------------------------------------------------------------------------------------------+
; Analysis & Synthesis Settings                                                                                             ;
+---------------------------------------------------------------------------------+--------------------+--------------------+
; Option                                                                          ; Setting            ; Default Value      ;
+---------------------------------------------------------------------------------+--------------------+--------------------+
; Device                                                                          ; 5CSEMA5F31C6       ;                    ;
; Top-level entity name                                                           ; RhythmGame_Top     ; RhythmGame_Top     ;
; Family name                                                                     ; Cyclone V          ; Cyclone IV GX      ;
; Use smart compilation                                                           ; Off                ; Off                ;
; Enable parallel Assembler and TimeQuest Timing Analyzer during compilation      ; On                 ; On                 ;
; Enable compact report table                                                     ; Off                ; Off                ;
; Restructure Multiplexers                                                        ; Auto               ; Auto               ;
; MLAB Add Timing Constraints For Mixed-Port Feed-Through Mode Setting Don't Care ; Off                ; Off                ;
; Create Debugging Nodes for IP Cores                                             ; Off                ; Off                ;
; Preserve fewer node names                                                       ; On                 ; On                 ;
; Disable OpenCore Plus hardware evaluation                                       ; Off                ; Off                ;
; Verilog Version                                                                 ; Verilog_2001       ; Verilog_2001       ;
; VHDL Version                                                                    ; VHDL_1993          ; VHDL_1993          ;
; State Machine Processing                                                        ; Auto               ; Auto               ;
; Safe State Machine                                                              ; Off                ; Off                ;
; Extract Verilog State Machines                                                  ; On                 ; On                 ;
; Extract VHDL State Machines                                                     ; On                 ; On                 ;
; Ignore Verilog initial constructs                                               ; Off                ; Off                ;
; Iteration limit for constant Verilog loops                                      ; 5000               ; 5000               ;
; Iteration limit for non-constant Verilog loops                                  ; 250                ; 250                ;
; Add Pass-Through Logic to Inferred RAMs                                         ; On                 ; On                 ;
; Infer RAMs from Raw Logic                                                       ; On                 ; On                 ;
; Parallel Synthesis                                                              ; On                 ; On                 ;
; DSP Block Balancing                                                             ; Auto               ; Auto               ;
; NOT Gate Push-Back                                                              ; On                 ; On                 ;
; Power-Up Don't Care                                                             ; On                 ; On                 ;
; Remove Redundant Logic Cells                                                    ; Off                ; Off                ;
; Remove Duplicate Registers                                                      ; On                 ; On                 ;
; Ignore CARRY Buffers                                                            ; Off                ; Off                ;
; Ignore CASCADE Buffers                                                          ; Off                ; Off                ;
; Ignore GLOBAL Buffers                                                           ; Off                ; Off                ;
; Ignore ROW GLOBAL Buffers                                                       ; Off                ; Off                ;
; Ignore LCELL Buffers                                                            ; Off                ; Off                ;
; Ignore SOFT Buffers                                                             ; On                 ; On                 ;
; Limit AHDL Integers to 32 Bits                                                  ; Off                ; Off                ;
; Optimization Technique                                                          ; Balanced           ; Balanced           ;
; Carry Chain Length                                                              ; 70                 ; 70                 ;
; Auto Carry Chains                                                               ; On                 ; On                 ;
; Auto Open-Drain Pins                                                            ; On                 ; On                 ;
; Perform WYSIWYG Primitive Resynthesis                                           ; Off                ; Off                ;
; Auto ROM Replacement                                                            ; On                 ; On                 ;
; Auto RAM Replacement                                                            ; On                 ; On                 ;
; Auto DSP Block Replacement                                                      ; On                 ; On                 ;
; Auto Shift Register Replacement                                                 ; Auto               ; Auto               ;
; Allow Shift Register Merging across Hierarchies                                 ; Auto               ; Auto               ;
; Auto Clock Enable Replacement                                                   ; On                 ; On                 ;
; Strict RAM Replacement                                                          ; Off                ; Off                ;
; Allow Synchronous Control Signals                                               ; On                 ; On                 ;
; Force Use of Synchronous Clear Signals                                          ; Off                ; Off                ;
; Auto Resource Sharing                                                           ; Off                ; Off                ;
; Allow Any RAM Size For Recognition                                              ; Off                ; Off                ;
; Allow Any ROM Size For Recognition                                              ; Off                ; Off                ;
; Allow Any Shift Register Size For Recognition                                   ; Off                ; Off                ;
; Use LogicLock Constraints during Resource Balancing                             ; On                 ; On                 ;
; Ignore translate_off and synthesis_off directives                               ; Off                ; Off                ;
; Timing-Driven Synthesis                                                         ; On                 ; On                 ;
; Report Parameter Settings                                                       ; On                 ; On                 ;
; Report Source Assignments                                                       ; On                 ; On                 ;
; Report Connectivity Checks                                                      ; On                 ; On                 ;
; Ignore Maximum Fan-Out Assignments                                              ; Off                ; Off                ;
; Synchronization Register Chain Length                                           ; 3                  ; 3                  ;
; PowerPlay Power Optimization                                                    ; Normal compilation ; Normal compilation ;
; HDL message level                                                               ; Level2             ; Level2             ;
; Suppress Register Optimization Related Messages                                 ; Off                ; Off                ;
; Number of Removed Registers Reported in Synthesis Report                        ; 5000               ; 5000               ;
; Number of Swept Nodes Reported in Synthesis Report                              ; 5000               ; 5000               ;
; Number of Inverted Registers Reported in Synthesis Report                       ; 100                ; 100                ;
; Clock MUX Protection                                                            ; On                 ; On                 ;
; Auto Gated Clock Conversion                                                     ; Off                ; Off                ;
; Block Design Naming                                                             ; Auto               ; Auto               ;
; SDC constraint protection                                                       ; Off                ; Off                ;
; Synthesis Effort                                                                ; Auto               ; Auto               ;
; Shift Register Replacement - Allow Asynchronous Clear Signal                    ; On                 ; On                 ;
; Pre-Mapping Resynthesis Optimization                                            ; Off                ; Off                ;
; Analysis & Synthesis Message Level                                              ; Medium             ; Medium             ;
; Disable Register Merging Across Hierarchies                                     ; Auto               ; Auto               ;
; Resource Aware Inference For Block RAM                                          ; On                 ; On                 ;
; Synthesis Seed                                                                  ; 1                  ; 1                  ;
; Automatic Parallel Synthesis                                                    ; On                 ; On                 ;
+---------------------------------------------------------------------------------+--------------------+--------------------+


Parallel compilation was disabled, but you have multiple processors available. Enable parallel compilation to reduce compilation time.
+-------------------------------------+
; Parallel Compilation                ;
+----------------------------+--------+
; Processors                 ; Number ;
+----------------------------+--------+
; Number detected on machine ; 20     ;
; Maximum allowed            ; 1      ;
+----------------------------+--------+


+------------------------------------------------------------------------------------------------------------------------------------------------------------------------+
; Analysis & Synthesis Source Files Read                                                                                                                                 ;
+----------------------------------+-----------------+------------------------------+--------------------------------------------------------------------------+---------+
; File Name with User-Entered Path ; Used in Netlist ; File Type                    ; File Name with Absolute Path                                             ; Library ;
+----------------------------------+-----------------+------------------------------+--------------------------------------------------------------------------+---------+
; ../Rhythm/Sound.v                ; yes             ; User Verilog HDL File        ; C:/Work/PilJoo/.git/logic-project/Rhythm/Sound.v                         ;         ;
; ../Rhythm/UI.v                   ; yes             ; User Verilog HDL File        ; C:/Work/PilJoo/.git/logic-project/Rhythm/UI.v                            ;         ;
; ../Rhythm/RhythmGame_Top.v       ; yes             ; User Verilog HDL File        ; C:/Work/PilJoo/.git/logic-project/Rhythm/RhythmGame_Top.v                ;         ;
; ../Rhythm/PushControl.v          ; yes             ; User Verilog HDL File        ; C:/Work/PilJoo/.git/logic-project/Rhythm/PushControl.v                   ;         ;
; ../Rhythm/OnePushControl2.v      ; yes             ; User Verilog HDL File        ; C:/Work/PilJoo/.git/logic-project/Rhythm/OnePushControl2.v               ;         ;
; ../Rhythm/LFSR.v                 ; yes             ; User Verilog HDL File        ; C:/Work/PilJoo/.git/logic-project/Rhythm/LFSR.v                          ;         ;
; ../Rhythm/GameLogic.v            ; yes             ; User Verilog HDL File        ; C:/Work/PilJoo/.git/logic-project/Rhythm/GameLogic.v                     ;         ;
; ../Rhythm/FND.v                  ; yes             ; User Verilog HDL File        ; C:/Work/PilJoo/.git/logic-project/Rhythm/FND.v                           ;         ;
; ../Rhythm/DotMatrix.v            ; yes             ; User Verilog HDL File        ; C:/Work/PilJoo/.git/logic-project/Rhythm/DotMatrix.v                     ;         ;
; lpm_divide.tdf                   ; yes             ; Megafunction                 ; c:/altera/13.1/quartus/libraries/megafunctions/lpm_divide.tdf            ;         ;
; abs_divider.inc                  ; yes             ; Megafunction                 ; c:/altera/13.1/quartus/libraries/megafunctions/abs_divider.inc           ;         ;
; sign_div_unsign.inc              ; yes             ; Megafunction                 ; c:/altera/13.1/quartus/libraries/megafunctions/sign_div_unsign.inc       ;         ;
; aglobal131.inc                   ; yes             ; Megafunction                 ; c:/altera/13.1/quartus/libraries/megafunctions/aglobal131.inc            ;         ;
; db/lpm_divide_n3m.tdf            ; yes             ; Auto-Generated Megafunction  ; C:/Work/PilJoo/.git/logic-project/Rhythm_FPGA/db/lpm_divide_n3m.tdf      ;         ;
; db/sign_div_unsign_qlh.tdf       ; yes             ; Auto-Generated Megafunction  ; C:/Work/PilJoo/.git/logic-project/Rhythm_FPGA/db/sign_div_unsign_qlh.tdf ;         ;
; db/alt_u_div_qve.tdf             ; yes             ; Auto-Generated Megafunction  ; C:/Work/PilJoo/.git/logic-project/Rhythm_FPGA/db/alt_u_div_qve.tdf       ;         ;
; db/lpm_divide_kbm.tdf            ; yes             ; Auto-Generated Megafunction  ; C:/Work/PilJoo/.git/logic-project/Rhythm_FPGA/db/lpm_divide_kbm.tdf      ;         ;
; db/lpm_divide_nbm.tdf            ; yes             ; Auto-Generated Megafunction  ; C:/Work/PilJoo/.git/logic-project/Rhythm_FPGA/db/lpm_divide_nbm.tdf      ;         ;
; db/sign_div_unsign_tlh.tdf       ; yes             ; Auto-Generated Megafunction  ; C:/Work/PilJoo/.git/logic-project/Rhythm_FPGA/db/sign_div_unsign_tlh.tdf ;         ;
; db/alt_u_div_00f.tdf             ; yes             ; Auto-Generated Megafunction  ; C:/Work/PilJoo/.git/logic-project/Rhythm_FPGA/db/alt_u_div_00f.tdf       ;         ;
; db/lpm_divide_1dm.tdf            ; yes             ; Auto-Generated Megafunction  ; C:/Work/PilJoo/.git/logic-project/Rhythm_FPGA/db/lpm_divide_1dm.tdf      ;         ;
; db/sign_div_unsign_7nh.tdf       ; yes             ; Auto-Generated Megafunction  ; C:/Work/PilJoo/.git/logic-project/Rhythm_FPGA/db/sign_div_unsign_7nh.tdf ;         ;
; db/alt_u_div_k2f.tdf             ; yes             ; Auto-Generated Megafunction  ; C:/Work/PilJoo/.git/logic-project/Rhythm_FPGA/db/alt_u_div_k2f.tdf       ;         ;
; db/lpm_divide_82m.tdf            ; yes             ; Auto-Generated Megafunction  ; C:/Work/PilJoo/.git/logic-project/Rhythm_FPGA/db/lpm_divide_82m.tdf      ;         ;
; db/sign_div_unsign_bkh.tdf       ; yes             ; Auto-Generated Megafunction  ; C:/Work/PilJoo/.git/logic-project/Rhythm_FPGA/db/sign_div_unsign_bkh.tdf ;         ;
; db/alt_u_div_sse.tdf             ; yes             ; Auto-Generated Megafunction  ; C:/Work/PilJoo/.git/logic-project/Rhythm_FPGA/db/alt_u_div_sse.tdf       ;         ;
; db/lpm_divide_5am.tdf            ; yes             ; Auto-Generated Megafunction  ; C:/Work/PilJoo/.git/logic-project/Rhythm_FPGA/db/lpm_divide_5am.tdf      ;         ;
+----------------------------------+-----------------+------------------------------+--------------------------------------------------------------------------+---------+


+--------------------------------------------------------------+
; Analysis & Synthesis Resource Usage Summary                  ;
+---------------------------------------------+----------------+
; Resource                                    ; Usage          ;
+---------------------------------------------+----------------+
; Estimate of Logic utilization (ALMs needed) ; 868            ;
;                                             ;                ;
; Combinational ALUT usage for logic          ; 1669           ;
;     -- 7 input functions                    ; 2              ;
;     -- 6 input functions                    ; 57             ;
;     -- 5 input functions                    ; 73             ;
;     -- 4 input functions                    ; 231            ;
;     -- <=3 input functions                  ; 1306           ;
;                                             ;                ;
; Dedicated logic registers                   ; 385            ;
;                                             ;                ;
; I/O pins                                    ; 84             ;
; Total DSP Blocks                            ; 0              ;
; Maximum fan-out node                        ; CLOCK_50~input ;
; Maximum fan-out                             ; 385            ;
; Total fan-out                               ; 6725           ;
; Average fan-out                             ; 3.03           ;
+---------------------------------------------+----------------+


+------------------------------------------------------------------------------------------------------------------------------------------------------------------------------------------------------------------------------------------------------------------------------+
; Analysis & Synthesis Resource Utilization by Entity                                                                                                                                                                                                                          ;
+-------------------------------------------+-------------------+--------------+-------------------+------------+------+--------------+-------------------------------------------------------------------------------------------------------------------------+--------------+
; Compilation Hierarchy Node                ; LC Combinationals ; LC Registers ; Block Memory Bits ; DSP Blocks ; Pins ; Virtual Pins ; Full Hierarchy Name                                                                                                     ; Library Name ;
+-------------------------------------------+-------------------+--------------+-------------------+------------+------+--------------+-------------------------------------------------------------------------------------------------------------------------+--------------+
; |RhythmGame_Top                           ; 1669 (0)          ; 385 (0)      ; 0                 ; 0          ; 84   ; 0            ; |RhythmGame_Top                                                                                                         ; work         ;
;    |DotMatrix:u_Display|                  ; 39 (39)           ; 25 (25)      ; 0                 ; 0          ; 0    ; 0            ; |RhythmGame_Top|DotMatrix:u_Display                                                                                     ; work         ;
;    |GameLogic:u_GameCore|                 ; 340 (340)         ; 187 (187)    ; 0                 ; 0          ; 0    ; 0            ; |RhythmGame_Top|GameLogic:u_GameCore                                                                                    ; work         ;
;    |LFSR:u_LFSR|                          ; 9 (9)             ; 16 (16)      ; 0                 ; 0          ; 0    ; 0            ; |RhythmGame_Top|LFSR:u_LFSR                                                                                             ; work         ;
;    |PushControl:u_Input|                  ; 112 (0)           ; 96 (0)       ; 0                 ; 0          ; 0    ; 0            ; |RhythmGame_Top|PushControl:u_Input                                                                                     ; work         ;
;       |OnePushControl:u_Btn0|             ; 28 (28)           ; 24 (24)      ; 0                 ; 0          ; 0    ; 0            ; |RhythmGame_Top|PushControl:u_Input|OnePushControl:u_Btn0                                                               ; work         ;
;       |OnePushControl:u_Btn1|             ; 28 (28)           ; 24 (24)      ; 0                 ; 0          ; 0    ; 0            ; |RhythmGame_Top|PushControl:u_Input|OnePushControl:u_Btn1                                                               ; work         ;
;       |OnePushControl:u_Btn2|             ; 28 (28)           ; 24 (24)      ; 0                 ; 0          ; 0    ; 0            ; |RhythmGame_Top|PushControl:u_Input|OnePushControl:u_Btn2                                                               ; work         ;
;       |OnePushControl:u_Btn3|             ; 28 (28)           ; 24 (24)      ; 0                 ; 0          ; 0    ; 0            ; |RhythmGame_Top|PushControl:u_Input|OnePushControl:u_Btn3                                                               ; work         ;
;    |UI:u_UI|                              ; 1169 (0)          ; 61 (0)       ; 0                 ; 0          ; 0    ; 0            ; |RhythmGame_Top|UI:u_UI                                                                                                 ; work         ;
;       |FND:u_Combo_0|                     ; 7 (7)             ; 0 (0)        ; 0                 ; 0          ; 0    ; 0            ; |RhythmGame_Top|UI:u_UI|FND:u_Combo_0                                                                                   ; work         ;
;       |FND:u_Combo_1|                     ; 7 (7)             ; 0 (0)        ; 0                 ; 0          ; 0    ; 0            ; |RhythmGame_Top|UI:u_UI|FND:u_Combo_1                                                                                   ; work         ;
;       |FND:u_Score_0|                     ; 7 (7)             ; 0 (0)        ; 0                 ; 0          ; 0    ; 0            ; |RhythmGame_Top|UI:u_UI|FND:u_Score_0                                                                                   ; work         ;
;       |FND:u_Score_1|                     ; 7 (7)             ; 0 (0)        ; 0                 ; 0          ; 0    ; 0            ; |RhythmGame_Top|UI:u_UI|FND:u_Score_1                                                                                   ; work         ;
;       |FND:u_Score_2|                     ; 7 (7)             ; 0 (0)        ; 0                 ; 0          ; 0    ; 0            ; |RhythmGame_Top|UI:u_UI|FND:u_Score_2                                                                                   ; work         ;
;       |FND:u_Score_3|                     ; 7 (7)             ; 0 (0)        ; 0                 ; 0          ; 0    ; 0            ; |RhythmGame_Top|UI:u_UI|FND:u_Score_3                                                                                   ; work         ;
;       |Sound:u_Sound|                     ; 86 (86)           ; 61 (61)      ; 0                 ; 0          ; 0    ; 0            ; |RhythmGame_Top|UI:u_UI|Sound:u_Sound                                                                                   ; work         ;
;       |lpm_divide:Div0|                   ; 138 (0)           ; 0 (0)        ; 0                 ; 0          ; 0    ; 0            ; |RhythmGame_Top|UI:u_UI|lpm_divide:Div0                                                                                 ; work         ;
;          |lpm_divide_kbm:auto_generated|  ; 138 (0)           ; 0 (0)        ; 0                 ; 0          ; 0    ; 0            ; |RhythmGame_Top|UI:u_UI|lpm_divide:Div0|lpm_divide_kbm:auto_generated                                                   ; work         ;
;             |sign_div_unsign_qlh:divider| ; 138 (0)           ; 0 (0)        ; 0                 ; 0          ; 0    ; 0            ; |RhythmGame_Top|UI:u_UI|lpm_divide:Div0|lpm_divide_kbm:auto_generated|sign_div_unsign_qlh:divider                       ; work         ;
;                |alt_u_div_qve:divider|    ; 138 (138)         ; 0 (0)        ; 0                 ; 0          ; 0    ; 0            ; |RhythmGame_Top|UI:u_UI|lpm_divide:Div0|lpm_divide_kbm:auto_generated|sign_div_unsign_qlh:divider|alt_u_div_qve:divider ; work         ;
;       |lpm_divide:Div1|                   ; 175 (0)           ; 0 (0)        ; 0                 ; 0          ; 0    ; 0            ; |RhythmGame_Top|UI:u_UI|lpm_divide:Div1                                                                                 ; work         ;
;          |lpm_divide_nbm:auto_generated|  ; 175 (0)           ; 0 (0)        ; 0                 ; 0          ; 0    ; 0            ; |RhythmGame_Top|UI:u_UI|lpm_divide:Div1|lpm_divide_nbm:auto_generated                                                   ; work         ;
;             |sign_div_unsign_tlh:divider| ; 175 (0)           ; 0 (0)        ; 0                 ; 0          ; 0    ; 0            ; |RhythmGame_Top|UI:u_UI|lpm_divide:Div1|lpm_divide_nbm:auto_generated|sign_div_unsign_tlh:divider                       ; work         ;
;                |alt_u_div_00f:divider|    ; 175 (175)         ; 0 (0)        ; 0                 ; 0          ; 0    ; 0            ; |RhythmGame_Top|UI:u_UI|lpm_divide:Div1|lpm_divide_nbm:auto_generated|sign_div_unsign_tlh:divider|alt_u_div_00f:divider ; work         ;
;       |lpm_divide:Div2|                   ; 165 (0)           ; 0 (0)        ; 0                 ; 0          ; 0    ; 0            ; |RhythmGame_Top|UI:u_UI|lpm_divide:Div2                                                                                 ; work         ;
;          |lpm_divide_1dm:auto_generated|  ; 165 (0)           ; 0 (0)        ; 0                 ; 0          ; 0    ; 0            ; |RhythmGame_Top|UI:u_UI|lpm_divide:Div2|lpm_divide_1dm:auto_generated                                                   ; work         ;
;             |sign_div_unsign_7nh:divider| ; 165 (0)           ; 0 (0)        ; 0                 ; 0          ; 0    ; 0            ; |RhythmGame_Top|UI:u_UI|lpm_divide:Div2|lpm_divide_1dm:auto_generated|sign_div_unsign_7nh:divider                       ; work         ;
;                |alt_u_div_k2f:divider|    ; 165 (165)         ; 0 (0)        ; 0                 ; 0          ; 0    ; 0            ; |RhythmGame_Top|UI:u_UI|lpm_divide:Div2|lpm_divide_1dm:auto_generated|sign_div_unsign_7nh:divider|alt_u_div_k2f:divider ; work         ;
;       |lpm_divide:Div3|                   ; 50 (0)            ; 0 (0)        ; 0                 ; 0          ; 0    ; 0            ; |RhythmGame_Top|UI:u_UI|lpm_divide:Div3                                                                                 ; work         ;
;          |lpm_divide_5am:auto_generated|  ; 50 (0)            ; 0 (0)        ; 0                 ; 0          ; 0    ; 0            ; |RhythmGame_Top|UI:u_UI|lpm_divide:Div3|lpm_divide_5am:auto_generated                                                   ; work         ;
;             |sign_div_unsign_bkh:divider| ; 50 (0)            ; 0 (0)        ; 0                 ; 0          ; 0    ; 0            ; |RhythmGame_Top|UI:u_UI|lpm_divide:Div3|lpm_divide_5am:auto_generated|sign_div_unsign_bkh:divider                       ; work         ;
;                |alt_u_div_sse:divider|    ; 50 (50)           ; 0 (0)        ; 0                 ; 0          ; 0    ; 0            ; |RhythmGame_Top|UI:u_UI|lpm_divide:Div3|lpm_divide_5am:auto_generated|sign_div_unsign_bkh:divider|alt_u_div_sse:divider ; work         ;
;       |lpm_divide:Mod0|                   ; 142 (0)           ; 0 (0)        ; 0                 ; 0          ; 0    ; 0            ; |RhythmGame_Top|UI:u_UI|lpm_divide:Mod0                                                                                 ; work         ;
;          |lpm_divide_n3m:auto_generated|  ; 142 (0)           ; 0 (0)        ; 0                 ; 0          ; 0    ; 0            ; |RhythmGame_Top|UI:u_UI|lpm_divide:Mod0|lpm_divide_n3m:auto_generated                                                   ; work         ;
;             |sign_div_unsign_qlh:divider| ; 142 (0)           ; 0 (0)        ; 0                 ; 0          ; 0    ; 0            ; |RhythmGame_Top|UI:u_UI|lpm_divide:Mod0|lpm_divide_n3m:auto_generated|sign_div_unsign_qlh:divider                       ; work         ;
;                |alt_u_div_qve:divider|    ; 142 (142)         ; 0 (0)        ; 0                 ; 0          ; 0    ; 0            ; |RhythmGame_Top|UI:u_UI|lpm_divide:Mod0|lpm_divide_n3m:auto_generated|sign_div_unsign_qlh:divider|alt_u_div_qve:divider ; work         ;
;       |lpm_divide:Mod1|                   ; 126 (0)           ; 0 (0)        ; 0                 ; 0          ; 0    ; 0            ; |RhythmGame_Top|UI:u_UI|lpm_divide:Mod1                                                                                 ; work         ;
;          |lpm_divide_n3m:auto_generated|  ; 126 (0)           ; 0 (0)        ; 0                 ; 0          ; 0    ; 0            ; |RhythmGame_Top|UI:u_UI|lpm_divide:Mod1|lpm_divide_n3m:auto_generated                                                   ; work         ;
;             |sign_div_unsign_qlh:divider| ; 126 (0)           ; 0 (0)        ; 0                 ; 0          ; 0    ; 0            ; |RhythmGame_Top|UI:u_UI|lpm_divide:Mod1|lpm_divide_n3m:auto_generated|sign_div_unsign_qlh:divider                       ; work         ;
;                |alt_u_div_qve:divider|    ; 126 (126)         ; 0 (0)        ; 0                 ; 0          ; 0    ; 0            ; |RhythmGame_Top|UI:u_UI|lpm_divide:Mod1|lpm_divide_n3m:auto_generated|sign_div_unsign_qlh:divider|alt_u_div_qve:divider ; work         ;
;       |lpm_divide:Mod2|                   ; 93 (0)            ; 0 (0)        ; 0                 ; 0          ; 0    ; 0            ; |RhythmGame_Top|UI:u_UI|lpm_divide:Mod2                                                                                 ; work         ;
;          |lpm_divide_n3m:auto_generated|  ; 93 (0)            ; 0 (0)        ; 0                 ; 0          ; 0    ; 0            ; |RhythmGame_Top|UI:u_UI|lpm_divide:Mod2|lpm_divide_n3m:auto_generated                                                   ; work         ;
;             |sign_div_unsign_qlh:divider| ; 93 (0)            ; 0 (0)        ; 0                 ; 0          ; 0    ; 0            ; |RhythmGame_Top|UI:u_UI|lpm_divide:Mod2|lpm_divide_n3m:auto_generated|sign_div_unsign_qlh:divider                       ; work         ;
;                |alt_u_div_qve:divider|    ; 93 (93)           ; 0 (0)        ; 0                 ; 0          ; 0    ; 0            ; |RhythmGame_Top|UI:u_UI|lpm_divide:Mod2|lpm_divide_n3m:auto_generated|sign_div_unsign_qlh:divider|alt_u_div_qve:divider ; work         ;
;       |lpm_divide:Mod3|                   ; 60 (0)            ; 0 (0)        ; 0                 ; 0          ; 0    ; 0            ; |RhythmGame_Top|UI:u_UI|lpm_divide:Mod3                                                                                 ; work         ;
;          |lpm_divide_n3m:auto_generated|  ; 60 (0)            ; 0 (0)        ; 0                 ; 0          ; 0    ; 0            ; |RhythmGame_Top|UI:u_UI|lpm_divide:Mod3|lpm_divide_n3m:auto_generated                                                   ; work         ;
;             |sign_div_unsign_qlh:divider| ; 60 (0)            ; 0 (0)        ; 0                 ; 0          ; 0    ; 0            ; |RhythmGame_Top|UI:u_UI|lpm_divide:Mod3|lpm_divide_n3m:auto_generated|sign_div_unsign_qlh:divider                       ; work         ;
;                |alt_u_div_qve:divider|    ; 60 (60)           ; 0 (0)        ; 0                 ; 0          ; 0    ; 0            ; |RhythmGame_Top|UI:u_UI|lpm_divide:Mod3|lpm_divide_n3m:auto_generated|sign_div_unsign_qlh:divider|alt_u_div_qve:divider ; work         ;
;       |lpm_divide:Mod4|                   ; 54 (0)            ; 0 (0)        ; 0                 ; 0          ; 0    ; 0            ; |RhythmGame_Top|UI:u_UI|lpm_divide:Mod4                                                                                 ; work         ;
;          |lpm_divide_82m:auto_generated|  ; 54 (0)            ; 0 (0)        ; 0                 ; 0          ; 0    ; 0            ; |RhythmGame_Top|UI:u_UI|lpm_divide:Mod4|lpm_divide_82m:auto_generated                                                   ; work         ;
;             |sign_div_unsign_bkh:divider| ; 54 (0)            ; 0 (0)        ; 0                 ; 0          ; 0    ; 0            ; |RhythmGame_Top|UI:u_UI|lpm_divide:Mod4|lpm_divide_82m:auto_generated|sign_div_unsign_bkh:divider                       ; work         ;
;                |alt_u_div_sse:divider|    ; 54 (54)           ; 0 (0)        ; 0                 ; 0          ; 0    ; 0            ; |RhythmGame_Top|UI:u_UI|lpm_divide:Mod4|lpm_divide_82m:auto_generated|sign_div_unsign_bkh:divider|alt_u_div_sse:divider ; work         ;
;       |lpm_divide:Mod5|                   ; 38 (0)            ; 0 (0)        ; 0                 ; 0          ; 0    ; 0            ; |RhythmGame_Top|UI:u_UI|lpm_divide:Mod5                                                                                 ; work         ;
;          |lpm_divide_82m:auto_generated|  ; 38 (0)            ; 0 (0)        ; 0                 ; 0          ; 0    ; 0            ; |RhythmGame_Top|UI:u_UI|lpm_divide:Mod5|lpm_divide_82m:auto_generated                                                   ; work         ;
;             |sign_div_unsign_bkh:divider| ; 38 (0)            ; 0 (0)        ; 0                 ; 0          ; 0    ; 0            ; |RhythmGame_Top|UI:u_UI|lpm_divide:Mod5|lpm_divide_82m:auto_generated|sign_div_unsign_bkh:divider                       ; work         ;
;                |alt_u_div_sse:divider|    ; 38 (38)           ; 0 (0)        ; 0                 ; 0          ; 0    ; 0            ; |RhythmGame_Top|UI:u_UI|lpm_divide:Mod5|lpm_divide_82m:auto_generated|sign_div_unsign_bkh:divider|alt_u_div_sse:divider ; work         ;
+-------------------------------------------+-------------------+--------------+-------------------+------------+------+--------------+-------------------------------------------------------------------------------------------------------------------------+--------------+
Note: For table entries with two numbers listed, the numbers in parentheses indicate the number of resources of the given type used by the specific entity alone. The numbers listed outside of parentheses indicate the total resources of the given type used by the specific entity and all of its sub-entities in the hierarchy.


Encoding Type:  One-Hot
+---------------------------------------------------------------------------+
; State Machine - |RhythmGame_Top|GameLogic:u_GameCore|r_State              ;
+--------------------+----------------+--------------------+----------------+
; Name               ; r_State.S_IDLE ; r_State.S_GAMEOVER ; r_State.S_PLAY ;
+--------------------+----------------+--------------------+----------------+
; r_State.S_IDLE     ; 0              ; 0                  ; 0              ;
; r_State.S_PLAY     ; 1              ; 0                  ; 1              ;
; r_State.S_GAMEOVER ; 1              ; 1                  ; 0              ;
+--------------------+----------------+--------------------+----------------+


Encoding Type:  One-Hot
+-----------------------------------------------------------------------------------+
; State Machine - |RhythmGame_Top|PushControl:u_Input|OnePushControl:u_Btn3|r_State ;
+-----------------+----------------+----------------+-------------------------------+
; Name            ; r_State.S_IDLE ; r_State.S_WAIT ; r_State.S_PULSE               ;
+-----------------+----------------+----------------+-------------------------------+
; r_State.S_IDLE  ; 0              ; 0              ; 0                             ;
; r_State.S_PULSE ; 1              ; 0              ; 1                             ;
; r_State.S_WAIT  ; 1              ; 1              ; 0                             ;
+-----------------+----------------+----------------+-------------------------------+


Encoding Type:  One-Hot
+-----------------------------------------------------------------------------------+
; State Machine - |RhythmGame_Top|PushControl:u_Input|OnePushControl:u_Btn2|r_State ;
+-----------------+----------------+----------------+-------------------------------+
; Name            ; r_State.S_IDLE ; r_State.S_WAIT ; r_State.S_PULSE               ;
+-----------------+----------------+----------------+-------------------------------+
; r_State.S_IDLE  ; 0              ; 0              ; 0                             ;
; r_State.S_PULSE ; 1              ; 0              ; 1                             ;
; r_State.S_WAIT  ; 1              ; 1              ; 0                             ;
+-----------------+----------------+----------------+-------------------------------+


Encoding Type:  One-Hot
+-----------------------------------------------------------------------------------+
; State Machine - |RhythmGame_Top|PushControl:u_Input|OnePushControl:u_Btn1|r_State ;
+-----------------+----------------+----------------+-------------------------------+
; Name            ; r_State.S_IDLE ; r_State.S_WAIT ; r_State.S_PULSE               ;
+-----------------+----------------+----------------+-------------------------------+
; r_State.S_IDLE  ; 0              ; 0              ; 0                             ;
; r_State.S_PULSE ; 1              ; 0              ; 1                             ;
; r_State.S_WAIT  ; 1              ; 1              ; 0                             ;
+-----------------+----------------+----------------+-------------------------------+


Encoding Type:  One-Hot
+-----------------------------------------------------------------------------------+
; State Machine - |RhythmGame_Top|PushControl:u_Input|OnePushControl:u_Btn0|r_State ;
+-----------------+----------------+----------------+-------------------------------+
; Name            ; r_State.S_IDLE ; r_State.S_WAIT ; r_State.S_PULSE               ;
+-----------------+----------------+----------------+-------------------------------+
; r_State.S_IDLE  ; 0              ; 0              ; 0                             ;
; r_State.S_PULSE ; 1              ; 0              ; 1                             ;
; r_State.S_WAIT  ; 1              ; 1              ; 0                             ;
+-----------------+----------------+----------------+-------------------------------+


+----------------------------------------------------------------------------------------------------+
; Registers Removed During Synthesis                                                                 ;
+-----------------------------------------------+----------------------------------------------------+
; Register name                                 ; Reason for Removal                                 ;
+-----------------------------------------------+----------------------------------------------------+
; UI:u_UI|Sound:u_Sound|r_dur_max[0..4,6,14,23] ; Stuck at GND due to stuck port data_in             ;
; GameLogic:u_GameCore|r_Speed_Max[0..3]        ; Stuck at GND due to stuck port data_in             ;
; UI:u_UI|Sound:u_Sound|r_dur_max[9]            ; Merged with UI:u_UI|Sound:u_Sound|r_current_cmd[1] ;
; UI:u_UI|Sound:u_Sound|r_dur_max[17,19,20]     ; Merged with UI:u_UI|Sound:u_Sound|r_current_cmd[0] ;
; UI:u_UI|Sound:u_Sound|r_dur_max[12]           ; Merged with UI:u_UI|Sound:u_Sound|r_dur_max[21]    ;
; UI:u_UI|Sound:u_Sound|r_dur_max[5,13]         ; Merged with UI:u_UI|Sound:u_Sound|r_dur_max[18]    ;
; UI:u_UI|Sound:u_Sound|r_dur_max[7,8,10]       ; Merged with UI:u_UI|Sound:u_Sound|r_dur_max[16]    ;
; UI:u_UI|Sound:u_Sound|r_dur_max[11]           ; Merged with UI:u_UI|Sound:u_Sound|r_dur_max[15]    ;
; GameLogic:u_GameCore|r_Map[57]                ; Merged with GameLogic:u_GameCore|r_Map[56]         ;
; GameLogic:u_GameCore|r_Map[49]                ; Merged with GameLogic:u_GameCore|r_Map[48]         ;
; GameLogic:u_GameCore|r_Map[41]                ; Merged with GameLogic:u_GameCore|r_Map[40]         ;
; GameLogic:u_GameCore|r_Map[33]                ; Merged with GameLogic:u_GameCore|r_Map[32]         ;
; GameLogic:u_GameCore|r_Map[25]                ; Merged with GameLogic:u_GameCore|r_Map[24]         ;
; GameLogic:u_GameCore|r_Map[1]                 ; Merged with GameLogic:u_GameCore|r_Map[0]          ;
; GameLogic:u_GameCore|r_Map[59]                ; Merged with GameLogic:u_GameCore|r_Map[58]         ;
; GameLogic:u_GameCore|r_Map[51]                ; Merged with GameLogic:u_GameCore|r_Map[50]         ;
; GameLogic:u_GameCore|r_Map[43]                ; Merged with GameLogic:u_GameCore|r_Map[42]         ;
; GameLogic:u_GameCore|r_Map[35]                ; Merged with GameLogic:u_GameCore|r_Map[34]         ;
; GameLogic:u_GameCore|r_Map[3]                 ; Merged with GameLogic:u_GameCore|r_Map[2]          ;
; GameLogic:u_GameCore|r_Map[61]                ; Merged with GameLogic:u_GameCore|r_Map[60]         ;
; GameLogic:u_GameCore|r_Map[53]                ; Merged with GameLogic:u_GameCore|r_Map[52]         ;
; GameLogic:u_GameCore|r_Map[45]                ; Merged with GameLogic:u_GameCore|r_Map[44]         ;
; GameLogic:u_GameCore|r_Map[37]                ; Merged with GameLogic:u_GameCore|r_Map[36]         ;
; GameLogic:u_GameCore|r_Map[5]                 ; Merged with GameLogic:u_GameCore|r_Map[4]          ;
; GameLogic:u_GameCore|r_Map[63]                ; Merged with GameLogic:u_GameCore|r_Map[62]         ;
; GameLogic:u_GameCore|r_Map[55]                ; Merged with GameLogic:u_GameCore|r_Map[54]         ;
; GameLogic:u_GameCore|r_Map[47]                ; Merged with GameLogic:u_GameCore|r_Map[46]         ;
; GameLogic:u_GameCore|r_Map[39]                ; Merged with GameLogic:u_GameCore|r_Map[38]         ;
; GameLogic:u_GameCore|r_Map[7]                 ; Merged with GameLogic:u_GameCore|r_Map[6]          ;
; UI:u_UI|Sound:u_Sound|r_tone_max[17]          ; Merged with UI:u_UI|Sound:u_Sound|r_tone_max[16]   ;
; UI:u_UI|Sound:u_Sound|r_tone_max[5]           ; Merged with UI:u_UI|Sound:u_Sound|r_tone_max[15]   ;
; UI:u_UI|Sound:u_Sound|r_tone_max[2]           ; Merged with UI:u_UI|Sound:u_Sound|r_tone_max[14]   ;
; UI:u_UI|Sound:u_Sound|r_tone_max[9]           ; Merged with UI:u_UI|Sound:u_Sound|r_tone_max[3]    ;
; UI:u_UI|Sound:u_Sound|r_tone_max[8]           ; Merged with UI:u_UI|Sound:u_Sound|r_tone_max[1]    ;
; UI:u_UI|Sound:u_Sound|r_tone_max[4,7]         ; Merged with UI:u_UI|Sound:u_Sound|r_tone_max[0]    ;
; GameLogic:u_GameCore|r_Map[17]                ; Merged with GameLogic:u_GameCore|r_Map[16]         ;
; GameLogic:u_GameCore|r_Map[27]                ; Merged with GameLogic:u_GameCore|r_Map[26]         ;
; GameLogic:u_GameCore|r_Map[29]                ; Merged with GameLogic:u_GameCore|r_Map[28]         ;
; GameLogic:u_GameCore|r_Map[31]                ; Merged with GameLogic:u_GameCore|r_Map[30]         ;
; GameLogic:u_GameCore|r_Map[9]                 ; Merged with GameLogic:u_GameCore|r_Map[8]          ;
; GameLogic:u_GameCore|r_Map[19]                ; Merged with GameLogic:u_GameCore|r_Map[18]         ;
; GameLogic:u_GameCore|r_Map[21]                ; Merged with GameLogic:u_GameCore|r_Map[20]         ;
; GameLogic:u_GameCore|r_Map[23]                ; Merged with GameLogic:u_GameCore|r_Map[22]         ;
; GameLogic:u_GameCore|r_Map[11]                ; Merged with GameLogic:u_GameCore|r_Map[10]         ;
; GameLogic:u_GameCore|r_Map[13]                ; Merged with GameLogic:u_GameCore|r_Map[12]         ;
; GameLogic:u_GameCore|r_Map[15]                ; Merged with GameLogic:u_GameCore|r_Map[14]         ;
; UI:u_UI|Sound:u_Sound|r_tone_max[16]          ; Stuck at GND due to stuck port data_in             ;
; Total Number of Removed Registers = 63        ;                                                    ;
+-----------------------------------------------+----------------------------------------------------+


+------------------------------------------------------+
; General Register Statistics                          ;
+----------------------------------------------+-------+
; Statistic                                    ; Value ;
+----------------------------------------------+-------+
; Total registers                              ; 385   ;
; Number of registers using Synchronous Clear  ; 250   ;
; Number of registers using Synchronous Load   ; 0     ;
; Number of registers using Asynchronous Clear ; 329   ;
; Number of registers using Asynchronous Load  ; 0     ;
; Number of registers using Clock Enable       ; 313   ;
; Number of registers using Preset             ; 0     ;
+----------------------------------------------+-------+


+---------------------------------------------------+
; Inverted Register Statistics                      ;
+-----------------------------------------+---------+
; Inverted Register                       ; Fan out ;
+-----------------------------------------+---------+
; GameLogic:u_GameCore|r_HP[0]            ; 4       ;
; GameLogic:u_GameCore|r_HP[1]            ; 3       ;
; GameLogic:u_GameCore|r_HP[2]            ; 3       ;
; GameLogic:u_GameCore|r_HP[3]            ; 3       ;
; GameLogic:u_GameCore|r_HP[4]            ; 5       ;
; GameLogic:u_GameCore|r_HP[5]            ; 3       ;
; GameLogic:u_GameCore|r_HP[6]            ; 3       ;
; GameLogic:u_GameCore|r_HP[7]            ; 3       ;
; GameLogic:u_GameCore|r_HP[8]            ; 3       ;
; GameLogic:u_GameCore|r_HP[9]            ; 2       ;
; DotMatrix:u_Display|c_Row[0]            ; 6       ;
; GameLogic:u_GameCore|r_Speed_Max[24]    ; 7       ;
; GameLogic:u_GameCore|r_Speed_Max[22]    ; 5       ;
; GameLogic:u_GameCore|r_Speed_Max[21]    ; 5       ;
; GameLogic:u_GameCore|r_Speed_Max[20]    ; 5       ;
; GameLogic:u_GameCore|r_Speed_Max[19]    ; 7       ;
; GameLogic:u_GameCore|r_Speed_Max[18]    ; 6       ;
; GameLogic:u_GameCore|r_Speed_Max[16]    ; 5       ;
; GameLogic:u_GameCore|r_Speed_Max[14]    ; 7       ;
; GameLogic:u_GameCore|r_Speed_Max[13]    ; 6       ;
; GameLogic:u_GameCore|r_Speed_Max[12]    ; 5       ;
; GameLogic:u_GameCore|r_Speed_Max[11]    ; 5       ;
; GameLogic:u_GameCore|r_Speed_Max[6]     ; 5       ;
; LFSR:u_LFSR|r_LFSR[4]                   ; 2       ;
; LFSR:u_LFSR|r_LFSR[5]                   ; 2       ;
; LFSR:u_LFSR|r_LFSR[2]                   ; 1       ;
; LFSR:u_LFSR|r_LFSR[12]                  ; 2       ;
; LFSR:u_LFSR|r_LFSR[9]                   ; 1       ;
; Total number of inverted registers = 28 ;         ;
+-----------------------------------------+---------+


+-------------------------------------------------------------------------------------------------------------------------------------------------------------------------------------+
; Multiplexer Restructuring Statistics (Restructuring Performed)                                                                                                                      ;
+--------------------+-----------+---------------+----------------------+------------------------+------------+-----------------------------------------------------------------------+
; Multiplexer Inputs ; Bus Width ; Baseline Area ; Area if Restructured ; Saving if Restructured ; Registered ; Example Multiplexer Output                                            ;
+--------------------+-----------+---------------+----------------------+------------------------+------------+-----------------------------------------------------------------------+
; 4:1                ; 5 bits    ; 10 LEs        ; 10 LEs               ; 0 LEs                  ; Yes        ; |RhythmGame_Top|UI:u_UI|Sound:u_Sound|r_tone_max[6]                   ;
; 4:1                ; 4 bits    ; 8 LEs         ; 8 LEs                ; 0 LEs                  ; Yes        ; |RhythmGame_Top|UI:u_UI|Sound:u_Sound|r_tone_max[14]                  ;
; 3:1                ; 19 bits   ; 38 LEs        ; 0 LEs                ; 38 LEs                 ; Yes        ; |RhythmGame_Top|PushControl:u_Input|OnePushControl:u_Btn3|r_Cnt[13]   ;
; 3:1                ; 19 bits   ; 38 LEs        ; 0 LEs                ; 38 LEs                 ; Yes        ; |RhythmGame_Top|PushControl:u_Input|OnePushControl:u_Btn2|r_Cnt[18]   ;
; 3:1                ; 19 bits   ; 38 LEs        ; 0 LEs                ; 38 LEs                 ; Yes        ; |RhythmGame_Top|PushControl:u_Input|OnePushControl:u_Btn1|r_Cnt[1]    ;
; 3:1                ; 19 bits   ; 38 LEs        ; 0 LEs                ; 38 LEs                 ; Yes        ; |RhythmGame_Top|PushControl:u_Input|OnePushControl:u_Btn0|r_Cnt[18]   ;
; 4:1                ; 24 bits   ; 48 LEs        ; 0 LEs                ; 48 LEs                 ; Yes        ; |RhythmGame_Top|UI:u_UI|Sound:u_Sound|r_dur_cnt[15]                   ;
; 5:1                ; 32 bits   ; 96 LEs        ; 0 LEs                ; 96 LEs                 ; Yes        ; |RhythmGame_Top|GameLogic:u_GameCore|r_Wait_Cnt[25]                   ;
; 6:1                ; 18 bits   ; 72 LEs        ; 0 LEs                ; 72 LEs                 ; Yes        ; |RhythmGame_Top|UI:u_UI|Sound:u_Sound|r_tone_cnt[7]                   ;
; 6:1                ; 24 bits   ; 96 LEs        ; 0 LEs                ; 96 LEs                 ; Yes        ; |RhythmGame_Top|GameLogic:u_GameCore|r_Map[34]                        ;
; 6:1                ; 4 bits    ; 16 LEs        ; 8 LEs                ; 8 LEs                  ; Yes        ; |RhythmGame_Top|GameLogic:u_GameCore|r_Map[2]                         ;
; 7:1                ; 4 bits    ; 16 LEs        ; 8 LEs                ; 8 LEs                  ; Yes        ; |RhythmGame_Top|GameLogic:u_GameCore|r_Map[56]                        ;
; 12:1               ; 2 bits    ; 16 LEs        ; 8 LEs                ; 8 LEs                  ; Yes        ; |RhythmGame_Top|GameLogic:u_GameCore|o_Sound_Cmd[1]                   ;
; 8:1                ; 15 bits   ; 75 LEs        ; 15 LEs               ; 60 LEs                 ; Yes        ; |RhythmGame_Top|GameLogic:u_GameCore|r_Score[5]                       ;
; 10:1               ; 6 bits    ; 36 LEs        ; 6 LEs                ; 30 LEs                 ; Yes        ; |RhythmGame_Top|GameLogic:u_GameCore|r_Speed_Max[10]                  ;
; 15:1               ; 8 bits    ; 80 LEs        ; 0 LEs                ; 80 LEs                 ; Yes        ; |RhythmGame_Top|GameLogic:u_GameCore|r_Combo[0]                       ;
; 11:1               ; 9 bits    ; 63 LEs        ; 9 LEs                ; 54 LEs                 ; Yes        ; |RhythmGame_Top|GameLogic:u_GameCore|r_HP[6]                          ;
; 10:1               ; 5 bits    ; 30 LEs        ; 5 LEs                ; 25 LEs                 ; Yes        ; |RhythmGame_Top|GameLogic:u_GameCore|r_Speed_Max[18]                  ;
; 10:1               ; 7 bits    ; 42 LEs        ; 7 LEs                ; 35 LEs                 ; Yes        ; |RhythmGame_Top|GameLogic:u_GameCore|r_Speed_Max[13]                  ;
; 3:1                ; 2 bits    ; 4 LEs         ; 2 LEs                ; 2 LEs                  ; No         ; |RhythmGame_Top|PushControl:u_Input|OnePushControl:u_Btn3|r_NextState ;
; 3:1                ; 2 bits    ; 4 LEs         ; 2 LEs                ; 2 LEs                  ; No         ; |RhythmGame_Top|PushControl:u_Input|OnePushControl:u_Btn2|r_NextState ;
; 3:1                ; 2 bits    ; 4 LEs         ; 2 LEs                ; 2 LEs                  ; No         ; |RhythmGame_Top|PushControl:u_Input|OnePushControl:u_Btn1|r_NextState ;
; 3:1                ; 2 bits    ; 4 LEs         ; 2 LEs                ; 2 LEs                  ; No         ; |RhythmGame_Top|PushControl:u_Input|OnePushControl:u_Btn0|r_NextState ;
; 6:1                ; 3 bits    ; 12 LEs        ; 6 LEs                ; 6 LEs                  ; No         ; |RhythmGame_Top|GameLogic:u_GameCore|Selector125                      ;
; 8:1                ; 9 bits    ; 45 LEs        ; 9 LEs                ; 36 LEs                 ; No         ; |RhythmGame_Top|GameLogic:u_GameCore|r_Speed_Max                      ;
+--------------------+-----------+---------------+----------------------+------------------------+------------+-----------------------------------------------------------------------+


+----------------------------------------------------------------------------------------+
; Parameter Settings for User Entity Instance: PushControl:u_Input|OnePushControl:u_Btn0 ;
+----------------+--------+--------------------------------------------------------------+
; Parameter Name ; Value  ; Type                                                         ;
+----------------+--------+--------------------------------------------------------------+
; DEBOUNCE_MAX   ; 500000 ; Signed Integer                                               ;
+----------------+--------+--------------------------------------------------------------+
Note: In order to hide this table in the UI and the text report file, please set the "Show Parameter Settings in Synthesis Report" option in "Analysis and Synthesis Settings -> More Settings" to "Off".


+----------------------------------------------------------------------------------------+
; Parameter Settings for User Entity Instance: PushControl:u_Input|OnePushControl:u_Btn1 ;
+----------------+--------+--------------------------------------------------------------+
; Parameter Name ; Value  ; Type                                                         ;
+----------------+--------+--------------------------------------------------------------+
; DEBOUNCE_MAX   ; 500000 ; Signed Integer                                               ;
+----------------+--------+--------------------------------------------------------------+
Note: In order to hide this table in the UI and the text report file, please set the "Show Parameter Settings in Synthesis Report" option in "Analysis and Synthesis Settings -> More Settings" to "Off".


+----------------------------------------------------------------------------------------+
; Parameter Settings for User Entity Instance: PushControl:u_Input|OnePushControl:u_Btn2 ;
+----------------+--------+--------------------------------------------------------------+
; Parameter Name ; Value  ; Type                                                         ;
+----------------+--------+--------------------------------------------------------------+
; DEBOUNCE_MAX   ; 500000 ; Signed Integer                                               ;
+----------------+--------+--------------------------------------------------------------+
Note: In order to hide this table in the UI and the text report file, please set the "Show Parameter Settings in Synthesis Report" option in "Analysis and Synthesis Settings -> More Settings" to "Off".


+----------------------------------------------------------------------------------------+
; Parameter Settings for User Entity Instance: PushControl:u_Input|OnePushControl:u_Btn3 ;
+----------------+--------+--------------------------------------------------------------+
; Parameter Name ; Value  ; Type                                                         ;
+----------------+--------+--------------------------------------------------------------+
; DEBOUNCE_MAX   ; 500000 ; Signed Integer                                               ;
+----------------+--------+--------------------------------------------------------------+
Note: In order to hide this table in the UI and the text report file, please set the "Show Parameter Settings in Synthesis Report" option in "Analysis and Synthesis Settings -> More Settings" to "Off".


+--------------------------------------------------------------------------+
; Parameter Settings for Inferred Entity Instance: UI:u_UI|lpm_divide:Mod0 ;
+------------------------+----------------+--------------------------------+
; Parameter Name         ; Value          ; Type                           ;
+------------------------+----------------+--------------------------------+
; LPM_WIDTHN             ; 16             ; Untyped                        ;
; LPM_WIDTHD             ; 4              ; Untyped                        ;
; LPM_NREPRESENTATION    ; UNSIGNED       ; Untyped                        ;
; LPM_DREPRESENTATION    ; UNSIGNED       ; Untyped                        ;
; LPM_PIPELINE           ; 0              ; Untyped                        ;
; LPM_REMAINDERPOSITIVE  ; TRUE           ; Untyped                        ;
; MAXIMIZE_SPEED         ; 5              ; Untyped                        ;
; CBXI_PARAMETER         ; lpm_divide_n3m ; Untyped                        ;
; CARRY_CHAIN            ; MANUAL         ; Untyped                        ;
; OPTIMIZE_FOR_SPEED     ; 5              ; Untyped                        ;
; AUTO_CARRY_CHAINS      ; ON             ; AUTO_CARRY                     ;
; IGNORE_CARRY_BUFFERS   ; OFF            ; IGNORE_CARRY                   ;
; AUTO_CASCADE_CHAINS    ; ON             ; AUTO_CASCADE                   ;
; IGNORE_CASCADE_BUFFERS ; OFF            ; IGNORE_CASCADE                 ;
+------------------------+----------------+--------------------------------+
Note: In order to hide this table in the UI and the text report file, please set the "Show Parameter Settings in Synthesis Report" option in "Analysis and Synthesis Settings -> More Settings" to "Off".


+--------------------------------------------------------------------------+
; Parameter Settings for Inferred Entity Instance: UI:u_UI|lpm_divide:Div0 ;
+------------------------+----------------+--------------------------------+
; Parameter Name         ; Value          ; Type                           ;
+------------------------+----------------+--------------------------------+
; LPM_WIDTHN             ; 16             ; Untyped                        ;
; LPM_WIDTHD             ; 4              ; Untyped                        ;
; LPM_NREPRESENTATION    ; UNSIGNED       ; Untyped                        ;
; LPM_DREPRESENTATION    ; UNSIGNED       ; Untyped                        ;
; LPM_PIPELINE           ; 0              ; Untyped                        ;
; LPM_REMAINDERPOSITIVE  ; TRUE           ; Untyped                        ;
; MAXIMIZE_SPEED         ; 5              ; Untyped                        ;
; CBXI_PARAMETER         ; lpm_divide_kbm ; Untyped                        ;
; CARRY_CHAIN            ; MANUAL         ; Untyped                        ;
; OPTIMIZE_FOR_SPEED     ; 5              ; Untyped                        ;
; AUTO_CARRY_CHAINS      ; ON             ; AUTO_CARRY                     ;
; IGNORE_CARRY_BUFFERS   ; OFF            ; IGNORE_CARRY                   ;
; AUTO_CASCADE_CHAINS    ; ON             ; AUTO_CASCADE                   ;
; IGNORE_CASCADE_BUFFERS ; OFF            ; IGNORE_CASCADE                 ;
+------------------------+----------------+--------------------------------+
Note: In order to hide this table in the UI and the text report file, please set the "Show Parameter Settings in Synthesis Report" option in "Analysis and Synthesis Settings -> More Settings" to "Off".


+--------------------------------------------------------------------------+
; Parameter Settings for Inferred Entity Instance: UI:u_UI|lpm_divide:Mod1 ;
+------------------------+----------------+--------------------------------+
; Parameter Name         ; Value          ; Type                           ;
+------------------------+----------------+--------------------------------+
; LPM_WIDTHN             ; 16             ; Untyped                        ;
; LPM_WIDTHD             ; 4              ; Untyped                        ;
; LPM_NREPRESENTATION    ; UNSIGNED       ; Untyped                        ;
; LPM_DREPRESENTATION    ; UNSIGNED       ; Untyped                        ;
; LPM_PIPELINE           ; 0              ; Untyped                        ;
; LPM_REMAINDERPOSITIVE  ; TRUE           ; Untyped                        ;
; MAXIMIZE_SPEED         ; 5              ; Untyped                        ;
; CBXI_PARAMETER         ; lpm_divide_n3m ; Untyped                        ;
; CARRY_CHAIN            ; MANUAL         ; Untyped                        ;
; OPTIMIZE_FOR_SPEED     ; 5              ; Untyped                        ;
; AUTO_CARRY_CHAINS      ; ON             ; AUTO_CARRY                     ;
; IGNORE_CARRY_BUFFERS   ; OFF            ; IGNORE_CARRY                   ;
; AUTO_CASCADE_CHAINS    ; ON             ; AUTO_CASCADE                   ;
; IGNORE_CASCADE_BUFFERS ; OFF            ; IGNORE_CASCADE                 ;
+------------------------+----------------+--------------------------------+
Note: In order to hide this table in the UI and the text report file, please set the "Show Parameter Settings in Synthesis Report" option in "Analysis and Synthesis Settings -> More Settings" to "Off".


+--------------------------------------------------------------------------+
; Parameter Settings for Inferred Entity Instance: UI:u_UI|lpm_divide:Div1 ;
+------------------------+----------------+--------------------------------+
; Parameter Name         ; Value          ; Type                           ;
+------------------------+----------------+--------------------------------+
; LPM_WIDTHN             ; 16             ; Untyped                        ;
; LPM_WIDTHD             ; 7              ; Untyped                        ;
; LPM_NREPRESENTATION    ; UNSIGNED       ; Untyped                        ;
; LPM_DREPRESENTATION    ; UNSIGNED       ; Untyped                        ;
; LPM_PIPELINE           ; 0              ; Untyped                        ;
; LPM_REMAINDERPOSITIVE  ; TRUE           ; Untyped                        ;
; MAXIMIZE_SPEED         ; 5              ; Untyped                        ;
; CBXI_PARAMETER         ; lpm_divide_nbm ; Untyped                        ;
; CARRY_CHAIN            ; MANUAL         ; Untyped                        ;
; OPTIMIZE_FOR_SPEED     ; 5              ; Untyped                        ;
; AUTO_CARRY_CHAINS      ; ON             ; AUTO_CARRY                     ;
; IGNORE_CARRY_BUFFERS   ; OFF            ; IGNORE_CARRY                   ;
; AUTO_CASCADE_CHAINS    ; ON             ; AUTO_CASCADE                   ;
; IGNORE_CASCADE_BUFFERS ; OFF            ; IGNORE_CASCADE                 ;
+------------------------+----------------+--------------------------------+
Note: In order to hide this table in the UI and the text report file, please set the "Show Parameter Settings in Synthesis Report" option in "Analysis and Synthesis Settings -> More Settings" to "Off".


+--------------------------------------------------------------------------+
; Parameter Settings for Inferred Entity Instance: UI:u_UI|lpm_divide:Mod2 ;
+------------------------+----------------+--------------------------------+
; Parameter Name         ; Value          ; Type                           ;
+------------------------+----------------+--------------------------------+
; LPM_WIDTHN             ; 16             ; Untyped                        ;
; LPM_WIDTHD             ; 4              ; Untyped                        ;
; LPM_NREPRESENTATION    ; UNSIGNED       ; Untyped                        ;
; LPM_DREPRESENTATION    ; UNSIGNED       ; Untyped                        ;
; LPM_PIPELINE           ; 0              ; Untyped                        ;
; LPM_REMAINDERPOSITIVE  ; TRUE           ; Untyped                        ;
; MAXIMIZE_SPEED         ; 5              ; Untyped                        ;
; CBXI_PARAMETER         ; lpm_divide_n3m ; Untyped                        ;
; CARRY_CHAIN            ; MANUAL         ; Untyped                        ;
; OPTIMIZE_FOR_SPEED     ; 5              ; Untyped                        ;
; AUTO_CARRY_CHAINS      ; ON             ; AUTO_CARRY                     ;
; IGNORE_CARRY_BUFFERS   ; OFF            ; IGNORE_CARRY                   ;
; AUTO_CASCADE_CHAINS    ; ON             ; AUTO_CASCADE                   ;
; IGNORE_CASCADE_BUFFERS ; OFF            ; IGNORE_CASCADE                 ;
+------------------------+----------------+--------------------------------+
Note: In order to hide this table in the UI and the text report file, please set the "Show Parameter Settings in Synthesis Report" option in "Analysis and Synthesis Settings -> More Settings" to "Off".


+--------------------------------------------------------------------------+
; Parameter Settings for Inferred Entity Instance: UI:u_UI|lpm_divide:Div2 ;
+------------------------+----------------+--------------------------------+
; Parameter Name         ; Value          ; Type                           ;
+------------------------+----------------+--------------------------------+
; LPM_WIDTHN             ; 16             ; Untyped                        ;
; LPM_WIDTHD             ; 10             ; Untyped                        ;
; LPM_NREPRESENTATION    ; UNSIGNED       ; Untyped                        ;
; LPM_DREPRESENTATION    ; UNSIGNED       ; Untyped                        ;
; LPM_PIPELINE           ; 0              ; Untyped                        ;
; LPM_REMAINDERPOSITIVE  ; TRUE           ; Untyped                        ;
; MAXIMIZE_SPEED         ; 5              ; Untyped                        ;
; CBXI_PARAMETER         ; lpm_divide_1dm ; Untyped                        ;
; CARRY_CHAIN            ; MANUAL         ; Untyped                        ;
; OPTIMIZE_FOR_SPEED     ; 5              ; Untyped                        ;
; AUTO_CARRY_CHAINS      ; ON             ; AUTO_CARRY                     ;
; IGNORE_CARRY_BUFFERS   ; OFF            ; IGNORE_CARRY                   ;
; AUTO_CASCADE_CHAINS    ; ON             ; AUTO_CASCADE                   ;
; IGNORE_CASCADE_BUFFERS ; OFF            ; IGNORE_CASCADE                 ;
+------------------------+----------------+--------------------------------+
Note: In order to hide this table in the UI and the text report file, please set the "Show Parameter Settings in Synthesis Report" option in "Analysis and Synthesis Settings -> More Settings" to "Off".


+--------------------------------------------------------------------------+
; Parameter Settings for Inferred Entity Instance: UI:u_UI|lpm_divide:Mod3 ;
+------------------------+----------------+--------------------------------+
; Parameter Name         ; Value          ; Type                           ;
+------------------------+----------------+--------------------------------+
; LPM_WIDTHN             ; 16             ; Untyped                        ;
; LPM_WIDTHD             ; 4              ; Untyped                        ;
; LPM_NREPRESENTATION    ; UNSIGNED       ; Untyped                        ;
; LPM_DREPRESENTATION    ; UNSIGNED       ; Untyped                        ;
; LPM_PIPELINE           ; 0              ; Untyped                        ;
; LPM_REMAINDERPOSITIVE  ; TRUE           ; Untyped                        ;
; MAXIMIZE_SPEED         ; 5              ; Untyped                        ;
; CBXI_PARAMETER         ; lpm_divide_n3m ; Untyped                        ;
; CARRY_CHAIN            ; MANUAL         ; Untyped                        ;
; OPTIMIZE_FOR_SPEED     ; 5              ; Untyped                        ;
; AUTO_CARRY_CHAINS      ; ON             ; AUTO_CARRY                     ;
; IGNORE_CARRY_BUFFERS   ; OFF            ; IGNORE_CARRY                   ;
; AUTO_CASCADE_CHAINS    ; ON             ; AUTO_CASCADE                   ;
; IGNORE_CASCADE_BUFFERS ; OFF            ; IGNORE_CASCADE                 ;
+------------------------+----------------+--------------------------------+
Note: In order to hide this table in the UI and the text report file, please set the "Show Parameter Settings in Synthesis Report" option in "Analysis and Synthesis Settings -> More Settings" to "Off".


+--------------------------------------------------------------------------+
; Parameter Settings for Inferred Entity Instance: UI:u_UI|lpm_divide:Mod4 ;
+------------------------+----------------+--------------------------------+
; Parameter Name         ; Value          ; Type                           ;
+------------------------+----------------+--------------------------------+
; LPM_WIDTHN             ; 8              ; Untyped                        ;
; LPM_WIDTHD             ; 4              ; Untyped                        ;
; LPM_NREPRESENTATION    ; UNSIGNED       ; Untyped                        ;
; LPM_DREPRESENTATION    ; UNSIGNED       ; Untyped                        ;
; LPM_PIPELINE           ; 0              ; Untyped                        ;
; LPM_REMAINDERPOSITIVE  ; TRUE           ; Untyped                        ;
; MAXIMIZE_SPEED         ; 5              ; Untyped                        ;
; CBXI_PARAMETER         ; lpm_divide_82m ; Untyped                        ;
; CARRY_CHAIN            ; MANUAL         ; Untyped                        ;
; OPTIMIZE_FOR_SPEED     ; 5              ; Untyped                        ;
; AUTO_CARRY_CHAINS      ; ON             ; AUTO_CARRY                     ;
; IGNORE_CARRY_BUFFERS   ; OFF            ; IGNORE_CARRY                   ;
; AUTO_CASCADE_CHAINS    ; ON             ; AUTO_CASCADE                   ;
; IGNORE_CASCADE_BUFFERS ; OFF            ; IGNORE_CASCADE                 ;
+------------------------+----------------+--------------------------------+
Note: In order to hide this table in the UI and the text report file, please set the "Show Parameter Settings in Synthesis Report" option in "Analysis and Synthesis Settings -> More Settings" to "Off".


+--------------------------------------------------------------------------+
; Parameter Settings for Inferred Entity Instance: UI:u_UI|lpm_divide:Div3 ;
+------------------------+----------------+--------------------------------+
; Parameter Name         ; Value          ; Type                           ;
+------------------------+----------------+--------------------------------+
; LPM_WIDTHN             ; 8              ; Untyped                        ;
; LPM_WIDTHD             ; 4              ; Untyped                        ;
; LPM_NREPRESENTATION    ; UNSIGNED       ; Untyped                        ;
; LPM_DREPRESENTATION    ; UNSIGNED       ; Untyped                        ;
; LPM_PIPELINE           ; 0              ; Untyped                        ;
; LPM_REMAINDERPOSITIVE  ; TRUE           ; Untyped                        ;
; MAXIMIZE_SPEED         ; 5              ; Untyped                        ;
; CBXI_PARAMETER         ; lpm_divide_5am ; Untyped                        ;
; CARRY_CHAIN            ; MANUAL         ; Untyped                        ;
; OPTIMIZE_FOR_SPEED     ; 5              ; Untyped                        ;
; AUTO_CARRY_CHAINS      ; ON             ; AUTO_CARRY                     ;
; IGNORE_CARRY_BUFFERS   ; OFF            ; IGNORE_CARRY                   ;
; AUTO_CASCADE_CHAINS    ; ON             ; AUTO_CASCADE                   ;
; IGNORE_CASCADE_BUFFERS ; OFF            ; IGNORE_CASCADE                 ;
+------------------------+----------------+--------------------------------+
Note: In order to hide this table in the UI and the text report file, please set the "Show Parameter Settings in Synthesis Report" option in "Analysis and Synthesis Settings -> More Settings" to "Off".


+--------------------------------------------------------------------------+
; Parameter Settings for Inferred Entity Instance: UI:u_UI|lpm_divide:Mod5 ;
+------------------------+----------------+--------------------------------+
; Parameter Name         ; Value          ; Type                           ;
+------------------------+----------------+--------------------------------+
; LPM_WIDTHN             ; 8              ; Untyped                        ;
; LPM_WIDTHD             ; 4              ; Untyped                        ;
; LPM_NREPRESENTATION    ; UNSIGNED       ; Untyped                        ;
; LPM_DREPRESENTATION    ; UNSIGNED       ; Untyped                        ;
; LPM_PIPELINE           ; 0              ; Untyped                        ;
; LPM_REMAINDERPOSITIVE  ; TRUE           ; Untyped                        ;
; MAXIMIZE_SPEED         ; 5              ; Untyped                        ;
; CBXI_PARAMETER         ; lpm_divide_82m ; Untyped                        ;
; CARRY_CHAIN            ; MANUAL         ; Untyped                        ;
; OPTIMIZE_FOR_SPEED     ; 5              ; Untyped                        ;
; AUTO_CARRY_CHAINS      ; ON             ; AUTO_CARRY                     ;
; IGNORE_CARRY_BUFFERS   ; OFF            ; IGNORE_CARRY                   ;
; AUTO_CASCADE_CHAINS    ; ON             ; AUTO_CASCADE                   ;
; IGNORE_CASCADE_BUFFERS ; OFF            ; IGNORE_CASCADE                 ;
+------------------------+----------------+--------------------------------+
Note: In order to hide this table in the UI and the text report file, please set the "Show Parameter Settings in Synthesis Report" option in "Analysis and Synthesis Settings -> More Settings" to "Off".


+------------------------------------------------------+
; Port Connectivity Checks: "DotMatrix:u_Display"      ;
+---------+--------+----------+------------------------+
; Port    ; Type   ; Severity ; Details                ;
+---------+--------+----------+------------------------+
; o_fDone ; Output ; Info     ; Explicitly unconnected ;
+---------+--------+----------+------------------------+


+-------------------------------+
; Elapsed Time Per Partition    ;
+----------------+--------------+
; Partition Name ; Elapsed Time ;
+----------------+--------------+
; Top            ; 00:00:02     ;
+----------------+--------------+


+-------------------------------+
; Analysis & Synthesis Messages ;
+-------------------------------+
Info: *******************************************************************
Info: Running Quartus II 64-Bit Analysis & Synthesis
    Info: Version 13.1.0 Build 162 10/23/2013 SJ Web Edition
    Info: Processing started: Thu Dec 18 02:50:45 2025
Info: Command: quartus_map --read_settings_files=on --write_settings_files=off RhythmGame_Top -c RhythmGame_Top
Warning (20028): Parallel compilation is not licensed and has been disabled
Info (12021): Found 1 design units, including 1 entities, in source file /work/piljoo/.git/logic-project/rhythm/sound.v
    Info (12023): Found entity 1: Sound
Info (12021): Found 1 design units, including 1 entities, in source file /work/piljoo/.git/logic-project/rhythm/ui.v
    Info (12023): Found entity 1: UI
Info (12021): Found 1 design units, including 1 entities, in source file /work/piljoo/.git/logic-project/rhythm/rhythmgame_top.v
    Info (12023): Found entity 1: RhythmGame_Top
Info (12021): Found 1 design units, including 1 entities, in source file /work/piljoo/.git/logic-project/rhythm/pushcontrol.v
    Info (12023): Found entity 1: PushControl
Info (12021): Found 1 design units, including 1 entities, in source file /work/piljoo/.git/logic-project/rhythm/onepushcontrol2.v
    Info (12023): Found entity 1: OnePushControl
Info (12021): Found 1 design units, including 1 entities, in source file /work/piljoo/.git/logic-project/rhythm/lfsr.v
    Info (12023): Found entity 1: LFSR
Info (12021): Found 1 design units, including 1 entities, in source file /work/piljoo/.git/logic-project/rhythm/gamelogic.v
    Info (12023): Found entity 1: GameLogic
Info (12021): Found 1 design units, including 1 entities, in source file /work/piljoo/.git/logic-project/rhythm/fnd.v
    Info (12023): Found entity 1: FND
Info (12021): Found 1 design units, including 1 entities, in source file /work/piljoo/.git/logic-project/rhythm/dotmatrix.v
    Info (12023): Found entity 1: DotMatrix
Info (12127): Elaborating entity "RhythmGame_Top" for the top level hierarchy
Info (12128): Elaborating entity "LFSR" for hierarchy "LFSR:u_LFSR"
Info (12128): Elaborating entity "PushControl" for hierarchy "PushControl:u_Input"
Info (12128): Elaborating entity "OnePushControl" for hierarchy "PushControl:u_Input|OnePushControl:u_Btn0"
Info (12128): Elaborating entity "GameLogic" for hierarchy "GameLogic:u_GameCore"
Warning (10230): Verilog HDL assignment warning at GameLogic.v(116): truncated value with size 32 to match size of target (16)
Warning (10230): Verilog HDL assignment warning at GameLogic.v(118): truncated value with size 32 to match size of target (16)
Warning (10230): Verilog HDL assignment warning at GameLogic.v(122): truncated value with size 32 to match size of target (8)
Warning (10230): Verilog HDL assignment warning at GameLogic.v(138): truncated value with size 32 to match size of target (16)
Warning (10230): Verilog HDL assignment warning at GameLogic.v(140): truncated value with size 32 to match size of target (16)
Warning (10230): Verilog HDL assignment warning at GameLogic.v(143): truncated value with size 32 to match size of target (8)
Warning (10230): Verilog HDL assignment warning at GameLogic.v(156): truncated value with size 32 to match size of target (16)
Warning (10230): Verilog HDL assignment warning at GameLogic.v(158): truncated value with size 32 to match size of target (16)
Warning (10230): Verilog HDL assignment warning at GameLogic.v(161): truncated value with size 32 to match size of target (8)
Warning (10230): Verilog HDL assignment warning at GameLogic.v(174): truncated value with size 32 to match size of target (16)
Warning (10230): Verilog HDL assignment warning at GameLogic.v(176): truncated value with size 32 to match size of target (16)
Warning (10230): Verilog HDL assignment warning at GameLogic.v(179): truncated value with size 32 to match size of target (8)
Info (12128): Elaborating entity "DotMatrix" for hierarchy "DotMatrix:u_Display"
Warning (10230): Verilog HDL assignment warning at DotMatrix.v(17): truncated value with size 32 to match size of target (8)
Warning (10230): Verilog HDL assignment warning at DotMatrix.v(44): truncated value with size 32 to match size of target (17)
Info (12128): Elaborating entity "UI" for hierarchy "UI:u_UI"
Warning (10230): Verilog HDL assignment warning at UI.v(18): truncated value with size 32 to match size of target (4)
Warning (10230): Verilog HDL assignment warning at UI.v(19): truncated value with size 32 to match size of target (4)
Warning (10230): Verilog HDL assignment warning at UI.v(20): truncated value with size 32 to match size of target (4)
Warning (10230): Verilog HDL assignment warning at UI.v(21): truncated value with size 32 to match size of target (4)
Warning (10230): Verilog HDL assignment warning at UI.v(23): truncated value with size 32 to match size of target (4)
Warning (10230): Verilog HDL assignment warning at UI.v(24): truncated value with size 32 to match size of target (4)
Info (12128): Elaborating entity "FND" for hierarchy "UI:u_UI|FND:u_Score_0"
Info (12128): Elaborating entity "Sound" for hierarchy "UI:u_UI|Sound:u_Sound"
Info (278001): Inferred 10 megafunctions from design logic
    Info (278004): Inferred divider/modulo megafunction ("lpm_divide") from the following logic: "UI:u_UI|Mod0"
    Info (278004): Inferred divider/modulo megafunction ("lpm_divide") from the following logic: "UI:u_UI|Div0"
    Info (278004): Inferred divider/modulo megafunction ("lpm_divide") from the following logic: "UI:u_UI|Mod1"
    Info (278004): Inferred divider/modulo megafunction ("lpm_divide") from the following logic: "UI:u_UI|Div1"
    Info (278004): Inferred divider/modulo megafunction ("lpm_divide") from the following logic: "UI:u_UI|Mod2"
    Info (278004): Inferred divider/modulo megafunction ("lpm_divide") from the following logic: "UI:u_UI|Div2"
    Info (278004): Inferred divider/modulo megafunction ("lpm_divide") from the following logic: "UI:u_UI|Mod3"
    Info (278004): Inferred divider/modulo megafunction ("lpm_divide") from the following logic: "UI:u_UI|Mod4"
    Info (278004): Inferred divider/modulo megafunction ("lpm_divide") from the following logic: "UI:u_UI|Div3"
    Info (278004): Inferred divider/modulo megafunction ("lpm_divide") from the following logic: "UI:u_UI|Mod5"
Info (12130): Elaborated megafunction instantiation "UI:u_UI|lpm_divide:Mod0"
Info (12133): Instantiated megafunction "UI:u_UI|lpm_divide:Mod0" with the following parameter:
    Info (12134): Parameter "LPM_WIDTHN" = "16"
    Info (12134): Parameter "LPM_WIDTHD" = "4"
    Info (12134): Parameter "LPM_NREPRESENTATION" = "UNSIGNED"
    Info (12134): Parameter "LPM_DREPRESENTATION" = "UNSIGNED"
Info (12021): Found 1 design units, including 1 entities, in source file db/lpm_divide_n3m.tdf
    Info (12023): Found entity 1: lpm_divide_n3m
Info (12021): Found 1 design units, including 1 entities, in source file db/sign_div_unsign_qlh.tdf
    Info (12023): Found entity 1: sign_div_unsign_qlh
Info (12021): Found 1 design units, including 1 entities, in source file db/alt_u_div_qve.tdf
    Info (12023): Found entity 1: alt_u_div_qve
Info (12130): Elaborated megafunction instantiation "UI:u_UI|lpm_divide:Div0"
Info (12133): Instantiated megafunction "UI:u_UI|lpm_divide:Div0" with the following parameter:
    Info (12134): Parameter "LPM_WIDTHN" = "16"
    Info (12134): Parameter "LPM_WIDTHD" = "4"
    Info (12134): Parameter "LPM_NREPRESENTATION" = "UNSIGNED"
    Info (12134): Parameter "LPM_DREPRESENTATION" = "UNSIGNED"
Info (12021): Found 1 design units, including 1 entities, in source file db/lpm_divide_kbm.tdf
    Info (12023): Found entity 1: lpm_divide_kbm
Info (12130): Elaborated megafunction instantiation "UI:u_UI|lpm_divide:Div1"
Info (12133): Instantiated megafunction "UI:u_UI|lpm_divide:Div1" with the following parameter:
    Info (12134): Parameter "LPM_WIDTHN" = "16"
    Info (12134): Parameter "LPM_WIDTHD" = "7"
    Info (12134): Parameter "LPM_NREPRESENTATION" = "UNSIGNED"
    Info (12134): Parameter "LPM_DREPRESENTATION" = "UNSIGNED"
Info (12021): Found 1 design units, including 1 entities, in source file db/lpm_divide_nbm.tdf
    Info (12023): Found entity 1: lpm_divide_nbm
Info (12021): Found 1 design units, including 1 entities, in source file db/sign_div_unsign_tlh.tdf
    Info (12023): Found entity 1: sign_div_unsign_tlh
Info (12021): Found 1 design units, including 1 entities, in source file db/alt_u_div_00f.tdf
    Info (12023): Found entity 1: alt_u_div_00f
Info (12130): Elaborated megafunction instantiation "UI:u_UI|lpm_divide:Div2"
Info (12133): Instantiated megafunction "UI:u_UI|lpm_divide:Div2" with the following parameter:
    Info (12134): Parameter "LPM_WIDTHN" = "16"
    Info (12134): Parameter "LPM_WIDTHD" = "10"
    Info (12134): Parameter "LPM_NREPRESENTATION" = "UNSIGNED"
    Info (12134): Parameter "LPM_DREPRESENTATION" = "UNSIGNED"
Info (12021): Found 1 design units, including 1 entities, in source file db/lpm_divide_1dm.tdf
    Info (12023): Found entity 1: lpm_divide_1dm
Info (12021): Found 1 design units, including 1 entities, in source file db/sign_div_unsign_7nh.tdf
    Info (12023): Found entity 1: sign_div_unsign_7nh
Info (12021): Found 1 design units, including 1 entities, in source file db/alt_u_div_k2f.tdf
    Info (12023): Found entity 1: alt_u_div_k2f
Info (12130): Elaborated megafunction instantiation "UI:u_UI|lpm_divide:Mod4"
Info (12133): Instantiated megafunction "UI:u_UI|lpm_divide:Mod4" with the following parameter:
    Info (12134): Parameter "LPM_WIDTHN" = "8"
    Info (12134): Parameter "LPM_WIDTHD" = "4"
    Info (12134): Parameter "LPM_NREPRESENTATION" = "UNSIGNED"
    Info (12134): Parameter "LPM_DREPRESENTATION" = "UNSIGNED"
Info (12021): Found 1 design units, including 1 entities, in source file db/lpm_divide_82m.tdf
    Info (12023): Found entity 1: lpm_divide_82m
Info (12021): Found 1 design units, including 1 entities, in source file db/sign_div_unsign_bkh.tdf
    Info (12023): Found entity 1: sign_div_unsign_bkh
Info (12021): Found 1 design units, including 1 entities, in source file db/alt_u_div_sse.tdf
    Info (12023): Found entity 1: alt_u_div_sse
Info (12130): Elaborated megafunction instantiation "UI:u_UI|lpm_divide:Div3"
Info (12133): Instantiated megafunction "UI:u_UI|lpm_divide:Div3" with the following parameter:
    Info (12134): Parameter "LPM_WIDTHN" = "8"
    Info (12134): Parameter "LPM_WIDTHD" = "4"
    Info (12134): Parameter "LPM_NREPRESENTATION" = "UNSIGNED"
    Info (12134): Parameter "LPM_DREPRESENTATION" = "UNSIGNED"
Info (12021): Found 1 design units, including 1 entities, in source file db/lpm_divide_5am.tdf
    Info (12023): Found entity 1: lpm_divide_5am
Info (286030): Timing-Driven Synthesis is running
Info (144001): Generated suppressed messages file C:/Work/PilJoo/.git/logic-project/Rhythm_FPGA/output_files/RhythmGame_Top.map.smsg
Info (16010): Generating hard_block partition "hard_block:auto_generated_inst"
    Info (16011): Adding 0 node(s), including 0 DDIO, 0 PLL, 0 transceiver and 0 LCELL
Warning (21074): Design contains 5 input pin(s) that do not drive logic
    Warning (15610): No output dependent on input pin "SW[3]"
    Warning (15610): No output dependent on input pin "SW[4]"
    Warning (15610): No output dependent on input pin "SW[5]"
    Warning (15610): No output dependent on input pin "SW[6]"
    Warning (15610): No output dependent on input pin "SW[7]"
Info (21057): Implemented 1827 device resources after synthesis - the final resource count might be different
    Info (21058): Implemented 15 input pins
    Info (21059): Implemented 69 output pins
    Info (21061): Implemented 1743 logic cells
Info: Quartus II 64-Bit Analysis & Synthesis was successful. 0 errors, 27 warnings
    Info: Peak virtual memory: 4715 megabytes
    Info: Processing ended: Thu Dec 18 02:50:48 2025
    Info: Elapsed time: 00:00:03
    Info: Total CPU time (on all processors): 00:00:03


+------------------------------------------+
; Analysis & Synthesis Suppressed Messages ;
+------------------------------------------+
The suppressed messages can be found in C:/Work/PilJoo/.git/logic-project/Rhythm_FPGA/output_files/RhythmGame_Top.map.smsg.


